<?xml version="1.0" encoding="UTF-8"?>
<!-- Generated by org.testng.reporters.JUnitXMLReporter -->
<testsuite ignored="0" hostname="LAPTOP-2THKLID2" failures="0" tests="2" name="Default test" time="6.178" errors="0" timestamp="2026-04-06T18:27:19 IST">
  <testcase classname="com.books.requests.ValidBookGetReqSpec" name="validBookGetByIdReqSpecification" time="4.06"/>
  <testcase classname="com.books.requests.ValidBookGetReqSpec" name="validBookGetReqSpecification" time="1.245"/>
</testsuite> <!-- Default test -->
