<?xml version="1.0" encoding="UTF-8"?>
<testng-results ignored="0" total="2" passed="2" failed="0" skipped="0">
  <reporter-output>
  </reporter-output>
  <suite started-at="2026-04-06T18:27:12 IST" name="Default suite" finished-at="2026-04-06T18:27:18 IST" duration-ms="6178">
    <groups>
    </groups>
    <test started-at="2026-04-06T18:27:12 IST" name="Default test" finished-at="2026-04-06T18:27:18 IST" duration-ms="6178">
      <class name="com.books.requests.ValidBookGetReqSpec">
        <test-method is-config="true" signature="setup()[pri:0, instance:com.books.requests.ValidBookGetReqSpec@34123d65]" started-at="2026-04-06T18:27:12 IST" name="setup" finished-at="2026-04-06T18:27:13 IST" duration-ms="785" status="PASS">
          <reporter-output>
          </reporter-output>
        </test-method> <!-- setup -->
        <test-method signature="validBookGetByIdReqSpecification()[pri:0, instance:com.books.requests.ValidBookGetReqSpec@34123d65]" started-at="2026-04-06T18:27:13 IST" name="validBookGetByIdReqSpecification" finished-at="2026-04-06T18:27:17 IST" duration-ms="4060" status="PASS">
          <reporter-output>
          </reporter-output>
        </test-method> <!-- validBookGetByIdReqSpecification -->
        <test-method signature="validBookGetReqSpecification()[pri:0, instance:com.books.requests.ValidBookGetReqSpec@34123d65]" started-at="2026-04-06T18:27:17 IST" name="validBookGetReqSpecification" finished-at="2026-04-06T18:27:18 IST" duration-ms="1245" status="PASS">
          <reporter-output>
          </reporter-output>
        </test-method> <!-- validBookGetReqSpecification -->
      </class> <!-- com.books.requests.ValidBookGetReqSpec -->
    </test> <!-- Default test -->
  </suite> <!-- Default suite -->
</testng-results>
