<?xml version="1.0" encoding="UTF-8"?>
<!-- Generated by org.testng.reporters.JUnitReportReporter -->
<testsuite hostname="LAPTOP-2THKLID2" failures="0" tests="2" name="com.books.requests.ValidBookGetReqSpec" time="5.305" errors="0" timestamp="2026-04-06T18:27:19 IST" skipped="0">
  <testcase classname="com.books.requests.ValidBookGetReqSpec" name="validBookGetReqSpecification" time="1.245"/>
  <testcase classname="com.books.requests.ValidBookGetReqSpec" name="validBookGetByIdReqSpecification" time="4.060"/>
</testsuite> <!-- com.books.requests.ValidBookGetReqSpec -->
